<?xml version="1.0" encoding="UTF-8"?>
<!-- Generated by org.testng.reporters.JUnitXMLReporter -->
<testsuite ignored="0" hostname="DESKTOP-LFBGPTD" failures="1" tests="3" name="chromeTest" time="15.481" errors="0" timestamp="2024-10-12T21:07:06 IST">
  <testcase classname="testCases.SubCategoryTest" name="addSubCategory" time="2.605"/>
  <testcase classname="testCases.SubCategoryTest" name="deleteSubCategory" time="2.568"/>
  <testcase classname="testCases.SubCategoryTest" name="searchSubCategory" time="2.234">
    <failure type="java.lang.AssertionError" message="expected [true] but found [false]">
      <![CDATA[java.lang.AssertionError: expected [true] but found [false]
at testCases.SubCategoryTest.searchSubCategory(SubCategoryTest.java:61)
at java.base/java.util.ArrayList.forEach(ArrayList.java:1597)
... Removed 32 stack frames]]>
    </failure>
  </testcase> <!-- searchSubCategory -->
</testsuite> <!-- chromeTest -->
