<?xml version="1.0" encoding="UTF-8"?>
<!-- Generated by org.testng.reporters.JUnitXMLReporter -->
<testsuite ignored="9" hostname="DESKTOP-LFBGPTD" failures="0" tests="1" name="chromeTest" time="15.952" errors="0" timestamp="2024-11-03T23:34:12 IST">
  <testcase classname="testCases.ManageNewsTest" name="addNews" time="12.683"/>
  <testcase classname="testCases.LoginPageTest" name="verifyLoginWithValidCredentials" time="0.0">
    <ignored/>
  </testcase> <!-- verifyLoginWithValidCredentials -->
  <testcase classname="testCases.ManageContactTest" name="updateContact" time="0.0">
    <ignored/>
  </testcase> <!-- updateContact -->
  <testcase classname="testCases.ManageNewsTest" name="deleteNews" time="0.0">
    <ignored/>
  </testcase> <!-- deleteNews -->
  <testcase classname="testCases.ManageContactTest" name="updateWithoutMandatoryFields" time="0.0">
    <ignored/>
  </testcase> <!-- updateWithoutMandatoryFields -->
  <testcase classname="testCases.ManageNewsTest" name="searchNews" time="0.0">
    <ignored/>
  </testcase> <!-- searchNews -->
  <testcase classname="testCases.SubCategoryTest" name="addSubCategory" time="0.0">
    <ignored/>
  </testcase> <!-- addSubCategory -->
  <testcase classname="testCases.LoginPageTest" name="verifyLoginWithInValidCredentials" time="0.0">
    <ignored/>
  </testcase> <!-- verifyLoginWithInValidCredentials -->
  <testcase classname="testCases.SubCategoryTest" name="deleteSubCategory" time="0.0">
    <ignored/>
  </testcase> <!-- deleteSubCategory -->
  <testcase classname="testCases.SubCategoryTest" name="searchSubCategory" time="0.0">
    <ignored/>
  </testcase> <!-- searchSubCategory -->
</testsuite> <!-- chromeTest -->
