<?xml version="1.0" encoding="UTF-8"?>
<testng-results ignored="9" total="10" passed="1" failed="0" skipped="0">
  <reporter-output>
  </reporter-output>
  <suite started-at="2024-11-03T23:33:56 IST" name="GroceryApplication" finished-at="2024-11-03T23:34:12 IST" duration-ms="15952">
    <groups>
      <group name="smoke">
        <method signature="ManageNewsTest.addNews()[pri:0, instance:testCases.ManageNewsTest@29526c05]" name="addNews" class="testCases.ManageNewsTest"/>
      </group> <!-- smoke -->
    </groups>
    <test started-at="2024-11-03T23:33:56 IST" name="chromeTest" finished-at="2024-11-03T23:34:12 IST" duration-ms="15952">
      <class name="testCases.ManageNewsTest">
        <test-method is-config="true" signature="beforeMethod(java.lang.String)[pri:0, instance:testCases.ManageNewsTest@29526c05]" started-at="2024-11-03T23:33:56 IST" name="beforeMethod" finished-at="2024-11-03T23:33:59 IST" duration-ms="2931" status="PASS">
          <params>
            <param index="0">
              <value>
                <![CDATA[chrome]]>
              </value>
            </param>
          </params>
          <reporter-output>
          </reporter-output>
        </test-method> <!-- beforeMethod -->
        <test-method signature="addNews()[pri:0, instance:testCases.ManageNewsTest@29526c05]" started-at="2024-11-03T23:33:59 IST" name="addNews" finished-at="2024-11-03T23:34:12 IST" duration-ms="12683" status="PASS">
          <reporter-output>
          </reporter-output>
        </test-method> <!-- addNews -->
        <test-method is-config="true" signature="afterMethode(org.testng.ITestResult)[pri:0, instance:testCases.ManageNewsTest@29526c05]" started-at="2024-11-03T23:34:12 IST" name="afterMethode" finished-at="2024-11-03T23:34:12 IST" duration-ms="0" status="PASS">
          <params>
            <param index="0">
              <value>
                <![CDATA[[TestResult name=addNews status=SUCCESS method=ManageNewsTest.addNews()[pri:0, instance:testCases.ManageNewsTest@29526c05] output={null}]]]>
              </value>
            </param>
          </params>
          <reporter-output>
          </reporter-output>
        </test-method> <!-- afterMethode -->
      </class> <!-- testCases.ManageNewsTest -->
    </test> <!-- chromeTest -->
  </suite> <!-- GroceryApplication -->
</testng-results>
