<?xml version="1.0" encoding="UTF-8"?>
<!-- Generated by org.testng.reporters.JUnitXMLReporter -->
<testsuite ignored="2" hostname="DESKTOP-LFBGPTD" failures="0" tests="15" name="myTest" time="0.216" errors="0" timestamp="2024-10-10T00:42:03 IST">
  <testcase classname="basicTestNg.BasicAnnotation" name="testCase01" time="0.013"/>
  <testcase classname="basicTestNg.BasicAnnotation" name="testCase02" time="0.003"/>
  <testcase classname="basicTestNg.BasicAnnotation" name="testCase03" time="0.002"/>
  <testcase classname="basicTestNg.BasicTestNg" name="testCase02" time="0.002"/>
  <testcase classname="basicTestNg.BasicTestNg" name="testCase10" time="0.002"/>
  <testcase classname="basicTestNg.BasicTestNg" name="testCase03" time="0.003"/>
  <testcase classname="basicTestNg.BeforeAndAfterAnnotations" name="testCase02" time="0.003"/>
  <testcase classname="basicTestNg.BeforeAndAfterAnnotations" name="testCase03" time="0.001"/>
  <testcase classname="basicTestNg.BeforeAndAfterAnnotations" name="testCase10" time="0.003"/>
  <testcase classname="basicTestNg.DataProviderTest" name="testCase01" time="0.008"/>
  <testcase classname="basicTestNg.DataProviderTest" name="testCase01" time="0.002"/>
  <testcase classname="basicTestNg.DataProviderTest" name="testCase01" time="0.002"/>
  <testcase classname="basicTestNg.DataProviderTest" name="testCase02" time="0.003"/>
  <testcase classname="basicTestNg.DataProviderTest" name="testCase02" time="0.002"/>
  <testcase classname="basicTestNg.DataProviderTest" name="testCase02" time="0.003"/>
  <testcase classname="basicTestNg.BasicTestNg" name="testCase05" time="0.0">
    <ignored/>
  </testcase> <!-- testCase05 -->
  <testcase classname="basicTestNg.BasicTestNg" name="testCase04" time="0.0">
    <ignored/>
  </testcase> <!-- testCase04 -->
</testsuite> <!-- myTest -->
