<?xml version="1.0" encoding="UTF-8"?>
<!-- Generated by org.testng.reporters.JUnitXMLReporter -->
<testsuite ignored="3" hostname="DESKTOP-LFBGPTD" failures="0" tests="14" name="myTest" time="1.302" errors="0" timestamp="2024-09-25T08:01:00 IST">
  <testcase classname="basicTestNg.BasicAnnotation" name="testCase01" time="0.048"/>
  <testcase classname="basicTestNg.BasicAnnotation" name="testCase02" time="0.015"/>
  <testcase classname="basicTestNg.BasicAnnotation" name="testCase03" time="0.021"/>
  <testcase classname="basicTestNg.BasicTestNg" name="testCase02" time="0.015"/>
  <testcase classname="basicTestNg.BasicTestNg" name="testCase10" time="0.011"/>
  <testcase classname="basicTestNg.BasicTestNg" name="testCase03" time="0.06"/>
  <testcase classname="basicTestNg.BeforeAndAfterAnnotations" name="testCase02" time="0.015"/>
  <testcase classname="basicTestNg.BeforeAndAfterAnnotations" name="testCase03" time="0.017"/>
  <testcase classname="basicTestNg.DataProviderTest" name="testCase01" time="0.06"/>
  <testcase classname="basicTestNg.DataProviderTest" name="testCase01" time="0.016"/>
  <testcase classname="basicTestNg.DataProviderTest" name="testCase01" time="0.046"/>
  <testcase classname="basicTestNg.DataProviderTest" name="testCase02" time="0.082"/>
  <testcase classname="basicTestNg.DataProviderTest" name="testCase02" time="0.041"/>
  <testcase classname="basicTestNg.DataProviderTest" name="testCase02" time="0.004"/>
  <testcase classname="basicTestNg.BasicTestNg" name="testCase04" time="0.0">
    <ignored/>
  </testcase> <!-- testCase04 -->
  <testcase classname="basicTestNg.BasicTestNg" name="testCase05" time="0.0">
    <ignored/>
  </testcase> <!-- testCase05 -->
  <testcase classname="basicTestNg.BeforeAndAfterAnnotations" name="testCase10" time="0.0">
    <ignored/>
  </testcase> <!-- testCase10 -->
</testsuite> <!-- myTest -->
